# JRE version: Java(TM) SE Runtime Environment (8.0_181-b13) (build 1.8.0_181-b13)
# Java VM: Java HotSpot(TM) 64-Bit Server VM (25.181-b13 mixed mode windows-amd64 compressed oops)
Heap:
 PSYoungGen      total 321536K, used 169248K [0x0000000780980000, 0x000000079c300000, 0x00000007c0000000)
  eden space 281088K, 60% used [0x0000000780980000,0x000000078aec80c8,0x0000000791c00000)
  from space 40448K, 0% used [0x0000000791c00000,0x0000000791c00000,0x0000000794380000)
  to   space 39424K, 0% used [0x0000000799c80000,0x0000000799c80000,0x000000079c300000)
 ParOldGen       total 145920K, used 32739K [0x0000000701c00000, 0x000000070aa80000, 0x0000000780980000)
  object space 145920K, 22% used [0x0000000701c00000,0x0000000703bf8f48,0x000000070aa80000)
 Metaspace       used 43866K, capacity 44698K, committed 45056K, reserved 1089536K
  class space    used 5251K, capacity 5507K, committed 5632K, reserved 1048576K
GC Heap History (10 events):
Event: 4.205 GC heap before
{Heap before GC invocations=9 (full 1):
 PSYoungGen      total 205312K, used 205287K [0x0000000780980000, 0x0000000790c80000, 0x00000007c0000000)
  eden space 189440K, 100% used [0x0000000780980000,0x000000078c280000,0x000000078c280000)
  from space 15872K, 99% used [0x000000078c280000,0x000000078d1f9f60,0x000000078d200000)
  to   space 23040K, 0% used [0x000000078f600000,0x000000078f600000,0x0000000790c80000)
 ParOldGen       total 92160K, used 27412K [0x0000000701c00000, 0x0000000707600000, 0x0000000780980000)
  object space 92160K, 29% used [0x0000000701c00000,0x00000007036c5030,0x0000000707600000)
 Metaspace       used 23649K, capacity 24274K, committed 24448K, reserved 1071104K
  class space    used 2762K, capacity 2934K, committed 2944K, reserved 1048576K
Event: 4.227 GC heap after
Heap after GC invocations=9 (full 1):
 PSYoungGen      total 232960K, used 23032K [0x0000000780980000, 0x0000000796a00000, 0x00000007c0000000)
  eden space 209920K, 0% used [0x0000000780980000,0x0000000780980000,0x000000078d680000)
  from space 23040K, 99% used [0x000000078f600000,0x0000000790c7e0a0,0x0000000790c80000)
  to   space 32256K, 0% used [0x000000078d680000,0x000000078d680000,0x000000078f600000)
 ParOldGen       total 92160K, used 41251K [0x0000000701c00000, 0x0000000707600000, 0x0000000780980000)
  object space 92160K, 44% used [0x0000000701c00000,0x0000000704448ed0,0x0000000707600000)
 Metaspace       used 23649K, capacity 24274K, committed 24448K, reserved 1071104K
  class space    used 2762K, capacity 2934K, committed 2944K, reserved 1048576K
}
Event: 4.720 GC heap before
{Heap before GC invocations=10 (full 1):
 PSYoungGen      total 232960K, used 232952K [0x0000000780980000, 0x0000000796a00000, 0x00000007c0000000)
  eden space 209920K, 100% used [0x0000000780980000,0x000000078d680000,0x000000078d680000)
  from space 23040K, 99% used [0x000000078f600000,0x0000000790c7e0a0,0x0000000790c80000)
  to   space 32256K, 0% used [0x000000078d680000,0x000000078d680000,0x000000078f600000)
 ParOldGen       total 92160K, used 41251K [0x0000000701c00000, 0x0000000707600000, 0x0000000780980000)
  object space 92160K, 44% used [0x0000000701c00000,0x0000000704448ed0,0x0000000707600000)
 Metaspace       used 23659K, capacity 24284K, committed 24448K, reserved 1071104K
  class space    used 2763K, capacity 2936K, committed 2944K, reserved 1048576K
Event: 4.739 GC heap after
Heap after GC invocations=10 (full 1):
 PSYoungGen      total 242176K, used 31846K [0x0000000780980000, 0x0000000796780000, 0x00000007c0000000)
  eden space 209920K, 0% used [0x0000000780980000,0x0000000780980000,0x000000078d680000)
  from space 32256K, 98% used [0x000000078d680000,0x000000078f599858,0x000000078f600000)
  to   space 36864K, 0% used [0x0000000794380000,0x0000000794380000,0x0000000796780000)
 ParOldGen       total 92160K, used 44802K [0x0000000701c00000, 0x0000000707600000, 0x0000000780980000)
  object space 92160K, 48% used [0x0000000701c00000,0x00000007047c0a40,0x0000000707600000)
 Metaspace       used 23659K, capacity 24284K, committed 24448K, reserved 1071104K
  class space    used 2763K, capacity 2936K, committed 2944K, reserved 1048576K
}
Event: 5.277 GC heap before
{Heap before GC invocations=11 (full 1):
 PSYoungGen      total 242176K, used 241766K [0x0000000780980000, 0x0000000796780000, 0x00000007c0000000)
  eden space 209920K, 100% used [0x0000000780980000,0x000000078d680000,0x000000078d680000)
  from space 32256K, 98% used [0x000000078d680000,0x000000078f599858,0x000000078f600000)
  to   space 36864K, 0% used [0x0000000794380000,0x0000000794380000,0x0000000796780000)
 ParOldGen       total 92160K, used 44802K [0x0000000701c00000, 0x0000000707600000, 0x0000000780980000)
  object space 92160K, 48% used [0x0000000701c00000,0x00000007047c0a40,0x0000000707600000)
 Metaspace       used 23702K, capacity 24284K, committed 24448K, reserved 1071104K
  class space    used 2767K, capacity 2936K, committed 2944K, reserved 1048576K
Event: 5.297 GC heap after
Heap after GC invocations=11 (full 1):
 PSYoungGen      total 317952K, used 32430K [0x0000000780980000, 0x0000000797100000, 0x00000007c0000000)
  eden space 281088K, 0% used [0x0000000780980000,0x0000000780980000,0x0000000791c00000)
  from space 36864K, 87% used [0x0000000794380000,0x000000079632b8f0,0x0000000796780000)
  to   space 40448K, 0% used [0x0000000791c00000,0x0000000791c00000,0x0000000794380000)
 ParOldGen       total 92160K, used 46919K [0x0000000701c00000, 0x0000000707600000, 0x0000000780980000)
  object space 92160K, 50% used [0x0000000701c00000,0x00000007049d1c08,0x0000000707600000)
 Metaspace       used 23702K, capacity 24284K, committed 24448K, reserved 1071104K
  class space    used 2767K, capacity 2936K, committed 2944K, reserved 1048576K
}
Event: 15.345 GC heap before
{Heap before GC invocations=12 (full 1):
 PSYoungGen      total 317952K, used 152346K [0x0000000780980000, 0x0000000797100000, 0x00000007c0000000)
  eden space 281088K, 42% used [0x0000000780980000,0x0000000787e9b118,0x0000000791c00000)
  from space 36864K, 87% used [0x0000000794380000,0x000000079632b8f0,0x0000000796780000)
  to   space 40448K, 0% used [0x0000000791c00000,0x0000000791c00000,0x0000000794380000)
 ParOldGen       total 92160K, used 46919K [0x0000000701c00000, 0x0000000707600000, 0x0000000780980000)
  object space 92160K, 50% used [0x0000000701c00000,0x00000007049d1c08,0x0000000707600000)
 Metaspace       used 34676K, capacity 35326K, committed 35496K, reserved 1081344K
  class space    used 4096K, capacity 4333K, committed 4352K, reserved 1048576K
Event: 15.357 GC heap after
Heap after GC invocations=12 (full 1):
 PSYoungGen      total 321536K, used 10790K [0x0000000780980000, 0x000000079c300000, 0x00000007c0000000)
  eden space 281088K, 0% used [0x0000000780980000,0x0000000780980000,0x0000000791c00000)
  from space 40448K, 26% used [0x0000000791c00000,0x0000000792689b40,0x0000000794380000)
  to   space 39424K, 0% used [0x0000000799c80000,0x0000000799c80000,0x000000079c300000)
 ParOldGen       total 92160K, used 53067K [0x0000000701c00000, 0x0000000707600000, 0x0000000780980000)
  object space 92160K, 57% used [0x0000000701c00000,0x0000000704fd2f58,0x0000000707600000)
 Metaspace       used 34676K, capacity 35326K, committed 35496K, reserved 1081344K
  class space    used 4096K, capacity 4333K, committed 4352K, reserved 1048576K
}
Event: 15.358 GC heap before
{Heap before GC invocations=13 (full 2):
 PSYoungGen      total 321536K, used 10790K [0x0000000780980000, 0x000000079c300000, 0x00000007c0000000)
  eden space 281088K, 0% used [0x0000000780980000,0x0000000780980000,0x0000000791c00000)
  from space 40448K, 26% used [0x0000000791c00000,0x0000000792689b40,0x0000000794380000)
  to   space 39424K, 0% used [0x0000000799c80000,0x0000000799c80000,0x000000079c300000)
 ParOldGen       total 92160K, used 53067K [0x0000000701c00000, 0x0000000707600000, 0x0000000780980000)
  object space 92160K, 57% used [0x0000000701c00000,0x0000000704fd2f58,0x0000000707600000)
 Metaspace       used 34676K, capacity 35326K, committed 35496K, reserved 1081344K
  class space    used 4096K, capacity 4333K, committed 4352K, reserved 1048576K
Event: 15.415 GC heap after
Heap after GC invocations=13 (full 2):
 PSYoungGen      total 321536K, used 0K [0x0000000780980000, 0x000000079c300000, 0x00000007c0000000)
  eden space 281088K, 0% used [0x0000000780980000,0x0000000780980000,0x0000000791c00000)
  from space 40448K, 0% used [0x0000000791c00000,0x0000000791c00000,0x0000000794380000)
  to   space 39424K, 0% used [0x0000000799c80000,0x0000000799c80000,0x000000079c300000)
 ParOldGen       total 145920K, used 32739K [0x0000000701c00000, 0x000000070aa80000, 0x0000000780980000)
  object space 145920K, 22% used [0x0000000701c00000,0x0000000703bf8f48,0x000000070aa80000)
 Metaspace       used 34676K, capacity 35326K, committed 35496K, reserved 1081344K
  class space    used 4096K, capacity 4333K, committed 4352K, reserved 1048576K
}

