# JRE version: Java(TM) SE Runtime Environment (8.0_181-b13) (build 1.8.0_181-b13)
# Java VM: Java HotSpot(TM) 64-Bit Server VM (25.181-b13 mixed mode windows-amd64 compressed oops)
Heap:
 PSYoungGen      total 279040K, used 151852K [0x0000000780980000, 0x000000079a380000, 0x00000007c0000000)
  eden space 245248K, 61% used [0x0000000780980000,0x0000000789dcb140,0x000000078f900000)
  from space 33792K, 0% used [0x000000078f900000,0x000000078f900000,0x0000000791a00000)
  to   space 32768K, 0% used [0x0000000798380000,0x0000000798380000,0x000000079a380000)
 ParOldGen       total 134656K, used 38954K [0x0000000701c00000, 0x0000000709f80000, 0x0000000780980000)
  object space 134656K, 28% used [0x0000000701c00000,0x000000070420aab0,0x0000000709f80000)
 Metaspace       used 42696K, capacity 43426K, committed 43776K, reserved 1087488K
  class space    used 5142K, capacity 5343K, committed 5376K, reserved 1048576K
GC Heap History (10 events):
Event: 5.767 GC heap before
{Heap before GC invocations=11 (full 1):
 PSYoungGen      total 136192K, used 136184K [0x0000000780980000, 0x000000078dd80000, 0x00000007c0000000)
  eden space 117760K, 100% used [0x0000000780980000,0x0000000787c80000,0x0000000787c80000)
  from space 18432K, 99% used [0x0000000787c80000,0x0000000788e7e3e0,0x0000000788e80000)
  to   space 23552K, 0% used [0x000000078c680000,0x000000078c680000,0x000000078dd80000)
 ParOldGen       total 89088K, used 28418K [0x0000000701c00000, 0x0000000707300000, 0x0000000780980000)
  object space 89088K, 31% used [0x0000000701c00000,0x00000007037c0978,0x0000000707300000)
 Metaspace       used 23593K, capacity 24216K, committed 24448K, reserved 1071104K
  class space    used 2764K, capacity 2936K, committed 2944K, reserved 1048576K
Event: 5.782 GC heap after
Heap after GC invocations=11 (full 1):
 PSYoungGen      total 192512K, used 19187K [0x0000000780980000, 0x000000078e100000, 0x00000007c0000000)
  eden space 168960K, 0% used [0x0000000780980000,0x0000000780980000,0x000000078ae80000)
  from space 23552K, 81% used [0x000000078c680000,0x000000078d93cd20,0x000000078dd80000)
  to   space 24576K, 0% used [0x000000078ae80000,0x000000078ae80000,0x000000078c680000)
 ParOldGen       total 89088K, used 32128K [0x0000000701c00000, 0x0000000707300000, 0x0000000780980000)
  object space 89088K, 36% used [0x0000000701c00000,0x0000000703b601e8,0x0000000707300000)
 Metaspace       used 23593K, capacity 24216K, committed 24448K, reserved 1071104K
  class space    used 2764K, capacity 2936K, committed 2944K, reserved 1048576K
}
Event: 6.220 GC heap before
{Heap before GC invocations=12 (full 1):
 PSYoungGen      total 192512K, used 188147K [0x0000000780980000, 0x000000078e100000, 0x00000007c0000000)
  eden space 168960K, 100% used [0x0000000780980000,0x000000078ae80000,0x000000078ae80000)
  from space 23552K, 81% used [0x000000078c680000,0x000000078d93cd20,0x000000078dd80000)
  to   space 24576K, 0% used [0x000000078ae80000,0x000000078ae80000,0x000000078c680000)
 ParOldGen       total 89088K, used 32128K [0x0000000701c00000, 0x0000000707300000, 0x0000000780980000)
  object space 89088K, 36% used [0x0000000701c00000,0x0000000703b601e8,0x0000000707300000)
 Metaspace       used 23593K, capacity 24216K, committed 24448K, reserved 1071104K
  class space    used 2764K, capacity 2936K, committed 2944K, reserved 1048576K
Event: 6.245 GC heap after
Heap after GC invocations=12 (full 1):
 PSYoungGen      total 193536K, used 24572K [0x0000000780980000, 0x0000000793800000, 0x00000007c0000000)
  eden space 168960K, 0% used [0x0000000780980000,0x0000000780980000,0x000000078ae80000)
  from space 24576K, 99% used [0x000000078ae80000,0x000000078c67f140,0x000000078c680000)
  to   space 30720K, 0% used [0x0000000791a00000,0x0000000791a00000,0x0000000793800000)
 ParOldGen       total 89088K, used 40858K [0x0000000701c00000, 0x0000000707300000, 0x0000000780980000)
  object space 89088K, 45% used [0x0000000701c00000,0x00000007043e6848,0x0000000707300000)
 Metaspace       used 23593K, capacity 24216K, committed 24448K, reserved 1071104K
  class space    used 2764K, capacity 2936K, committed 2944K, reserved 1048576K
}
Event: 6.689 GC heap before
{Heap before GC invocations=13 (full 1):
 PSYoungGen      total 193536K, used 193532K [0x0000000780980000, 0x0000000793800000, 0x00000007c0000000)
  eden space 168960K, 100% used [0x0000000780980000,0x000000078ae80000,0x000000078ae80000)
  from space 24576K, 99% used [0x000000078ae80000,0x000000078c67f140,0x000000078c680000)
  to   space 30720K, 0% used [0x0000000791a00000,0x0000000791a00000,0x0000000793800000)
 ParOldGen       total 89088K, used 40858K [0x0000000701c00000, 0x0000000707300000, 0x0000000780980000)
  object space 89088K, 45% used [0x0000000701c00000,0x00000007043e6848,0x0000000707300000)
 Metaspace       used 23606K, capacity 24216K, committed 24448K, reserved 1071104K
  class space    used 2766K, capacity 2936K, committed 2944K, reserved 1048576K
Event: 6.712 GC heap after
Heap after GC invocations=13 (full 1):
 PSYoungGen      total 275968K, used 27690K [0x0000000780980000, 0x0000000793f00000, 0x00000007c0000000)
  eden space 245248K, 0% used [0x0000000780980000,0x0000000780980000,0x000000078f900000)
  from space 30720K, 90% used [0x0000000791a00000,0x000000079350a900,0x0000000793800000)
  to   space 33792K, 0% used [0x000000078f900000,0x000000078f900000,0x0000000791a00000)
 ParOldGen       total 89088K, used 46317K [0x0000000701c00000, 0x0000000707300000, 0x0000000780980000)
  object space 89088K, 51% used [0x0000000701c00000,0x000000070493b4f8,0x0000000707300000)
 Metaspace       used 23606K, capacity 24216K, committed 24448K, reserved 1071104K
  class space    used 2766K, capacity 2936K, committed 2944K, reserved 1048576K
}
Event: 16.918 GC heap before
{Heap before GC invocations=14 (full 1):
 PSYoungGen      total 275968K, used 192811K [0x0000000780980000, 0x0000000793f00000, 0x00000007c0000000)
  eden space 245248K, 67% used [0x0000000780980000,0x000000078aac0460,0x000000078f900000)
  from space 30720K, 90% used [0x0000000791a00000,0x000000079350a900,0x0000000793800000)
  to   space 33792K, 0% used [0x000000078f900000,0x000000078f900000,0x0000000791a00000)
 ParOldGen       total 89088K, used 46317K [0x0000000701c00000, 0x0000000707300000, 0x0000000780980000)
  object space 89088K, 51% used [0x0000000701c00000,0x000000070493b4f8,0x0000000707300000)
 Metaspace       used 34575K, capacity 35322K, committed 35496K, reserved 1081344K
  class space    used 4093K, capacity 4331K, committed 4352K, reserved 1048576K
Event: 16.932 GC heap after
Heap after GC invocations=14 (full 1):
 PSYoungGen      total 279040K, used 19045K [0x0000000780980000, 0x000000079a380000, 0x00000007c0000000)
  eden space 245248K, 0% used [0x0000000780980000,0x0000000780980000,0x000000078f900000)
  from space 33792K, 56% used [0x000000078f900000,0x0000000790b994c0,0x0000000791a00000)
  to   space 32768K, 0% used [0x0000000798380000,0x0000000798380000,0x000000079a380000)
 ParOldGen       total 89088K, used 48992K [0x0000000701c00000, 0x0000000707300000, 0x0000000780980000)
  object space 89088K, 54% used [0x0000000701c00000,0x0000000704bd8398,0x0000000707300000)
 Metaspace       used 34575K, capacity 35322K, committed 35496K, reserved 1081344K
  class space    used 4093K, capacity 4331K, committed 4352K, reserved 1048576K
}
Event: 16.932 GC heap before
{Heap before GC invocations=15 (full 2):
 PSYoungGen      total 279040K, used 19045K [0x0000000780980000, 0x000000079a380000, 0x00000007c0000000)
  eden space 245248K, 0% used [0x0000000780980000,0x0000000780980000,0x000000078f900000)
  from space 33792K, 56% used [0x000000078f900000,0x0000000790b994c0,0x0000000791a00000)
  to   space 32768K, 0% used [0x0000000798380000,0x0000000798380000,0x000000079a380000)
 ParOldGen       total 89088K, used 48992K [0x0000000701c00000, 0x0000000707300000, 0x0000000780980000)
  object space 89088K, 54% used [0x0000000701c00000,0x0000000704bd8398,0x0000000707300000)
 Metaspace       used 34575K, capacity 35322K, committed 35496K, reserved 1081344K
  class space    used 4093K, capacity 4331K, committed 4352K, reserved 1048576K
Event: 16.979 GC heap after
Heap after GC invocations=15 (full 2):
 PSYoungGen      total 279040K, used 0K [0x0000000780980000, 0x000000079a380000, 0x00000007c0000000)
  eden space 245248K, 0% used [0x0000000780980000,0x0000000780980000,0x000000078f900000)
  from space 33792K, 0% used [0x000000078f900000,0x000000078f900000,0x0000000791a00000)
  to   space 32768K, 0% used [0x0000000798380000,0x0000000798380000,0x000000079a380000)
 ParOldGen       total 134656K, used 38954K [0x0000000701c00000, 0x0000000709f80000, 0x0000000780980000)
  object space 134656K, 28% used [0x0000000701c00000,0x000000070420aab0,0x0000000709f80000)
 Metaspace       used 34575K, capacity 35322K, committed 35496K, reserved 1081344K
  class space    used 4093K, capacity 4331K, committed 4352K, reserved 1048576K
}

