# JRE version: Java(TM) SE Runtime Environment (8.0_181-b13) (build 1.8.0_181-b13)
# Java VM: Java HotSpot(TM) 64-Bit Server VM (25.181-b13 mixed mode windows-amd64 compressed oops)
Heap:
 PSYoungGen      total 343552K, used 212685K [0x0000000780980000, 0x000000079f080000, 0x00000007c0000000)
  eden space 300032K, 70% used [0x0000000780980000,0x000000078d933570,0x0000000792e80000)
  from space 43520K, 0% used [0x0000000792e80000,0x0000000792e80000,0x0000000795900000)
  to   space 40960K, 0% used [0x000000079c880000,0x000000079c880000,0x000000079f080000)
 ParOldGen       total 153088K, used 40077K [0x0000000701c00000, 0x000000070b180000, 0x0000000780980000)
  object space 153088K, 26% used [0x0000000701c00000,0x00000007043237c0,0x000000070b180000)
 Metaspace       used 42163K, capacity 42900K, committed 43136K, reserved 1087488K
  class space    used 4980K, capacity 5206K, committed 5248K, reserved 1048576K
GC Heap History (10 events):
Event: 4.516 GC heap before
{Heap before GC invocations=9 (full 1):
 PSYoungGen      total 205824K, used 205817K [0x0000000780980000, 0x0000000791400000, 0x00000007c0000000)
  eden space 190464K, 100% used [0x0000000780980000,0x000000078c380000,0x000000078c380000)
  from space 15360K, 99% used [0x000000078c380000,0x000000078d27e708,0x000000078d280000)
  to   space 23040K, 0% used [0x000000078fd80000,0x000000078fd80000,0x0000000791400000)
 ParOldGen       total 91648K, used 28464K [0x0000000701c00000, 0x0000000707580000, 0x0000000780980000)
  object space 91648K, 31% used [0x0000000701c00000,0x00000007037cc290,0x0000000707580000)
 Metaspace       used 23743K, capacity 24384K, committed 24576K, reserved 1071104K
  class space    used 2770K, capacity 2969K, committed 3072K, reserved 1048576K
Event: 4.537 GC heap after
Heap after GC invocations=9 (full 1):
 PSYoungGen      total 241664K, used 23035K [0x0000000780980000, 0x0000000797080000, 0x00000007c0000000)
  eden space 218624K, 0% used [0x0000000780980000,0x0000000780980000,0x000000078df00000)
  from space 23040K, 99% used [0x000000078fd80000,0x00000007913fec38,0x0000000791400000)
  to   space 31232K, 0% used [0x000000078df00000,0x000000078df00000,0x000000078fd80000)
 ParOldGen       total 91648K, used 40834K [0x0000000701c00000, 0x0000000707580000, 0x0000000780980000)
  object space 91648K, 44% used [0x0000000701c00000,0x00000007043e0bc8,0x0000000707580000)
 Metaspace       used 23743K, capacity 24384K, committed 24576K, reserved 1071104K
  class space    used 2770K, capacity 2969K, committed 3072K, reserved 1048576K
}
Event: 5.151 GC heap before
{Heap before GC invocations=10 (full 1):
 PSYoungGen      total 241664K, used 241659K [0x0000000780980000, 0x0000000797080000, 0x00000007c0000000)
  eden space 218624K, 100% used [0x0000000780980000,0x000000078df00000,0x000000078df00000)
  from space 23040K, 99% used [0x000000078fd80000,0x00000007913fec38,0x0000000791400000)
  to   space 31232K, 0% used [0x000000078df00000,0x000000078df00000,0x000000078fd80000)
 ParOldGen       total 91648K, used 40834K [0x0000000701c00000, 0x0000000707580000, 0x0000000780980000)
  object space 91648K, 44% used [0x0000000701c00000,0x00000007043e0bc8,0x0000000707580000)
 Metaspace       used 23757K, capacity 24398K, committed 24576K, reserved 1071104K
  class space    used 2773K, capacity 2971K, committed 3072K, reserved 1048576K
Event: 5.175 GC heap after
Heap after GC invocations=10 (full 1):
 PSYoungGen      total 249856K, used 31210K [0x0000000780980000, 0x0000000798100000, 0x00000007c0000000)
  eden space 218624K, 0% used [0x0000000780980000,0x0000000780980000,0x000000078df00000)
  from space 31232K, 99% used [0x000000078df00000,0x000000078fd7aad0,0x000000078fd80000)
  to   space 40960K, 0% used [0x0000000795900000,0x0000000795900000,0x0000000798100000)
 ParOldGen       total 91648K, used 53151K [0x0000000701c00000, 0x0000000707580000, 0x0000000780980000)
  object space 91648K, 57% used [0x0000000701c00000,0x0000000704fe7e70,0x0000000707580000)
 Metaspace       used 23757K, capacity 24398K, committed 24576K, reserved 1071104K
  class space    used 2773K, capacity 2971K, committed 3072K, reserved 1048576K
}
Event: 5.626 GC heap before
{Heap before GC invocations=11 (full 1):
 PSYoungGen      total 249856K, used 249834K [0x0000000780980000, 0x0000000798100000, 0x00000007c0000000)
  eden space 218624K, 100% used [0x0000000780980000,0x000000078df00000,0x000000078df00000)
  from space 31232K, 99% used [0x000000078df00000,0x000000078fd7aad0,0x000000078fd80000)
  to   space 40960K, 0% used [0x0000000795900000,0x0000000795900000,0x0000000798100000)
 ParOldGen       total 91648K, used 53151K [0x0000000701c00000, 0x0000000707580000, 0x0000000780980000)
  object space 91648K, 57% used [0x0000000701c00000,0x0000000704fe7e70,0x0000000707580000)
 Metaspace       used 23760K, capacity 24398K, committed 24576K, reserved 1071104K
  class space    used 2773K, capacity 2971K, committed 3072K, reserved 1048576K
Event: 5.649 GC heap after
Heap after GC invocations=11 (full 1):
 PSYoungGen      total 340992K, used 31501K [0x0000000780980000, 0x0000000798b00000, 0x00000007c0000000)
  eden space 300032K, 0% used [0x0000000780980000,0x0000000780980000,0x0000000792e80000)
  from space 40960K, 76% used [0x0000000795900000,0x00000007977c3768,0x0000000798100000)
  to   space 43520K, 0% used [0x0000000792e80000,0x0000000792e80000,0x0000000795900000)
 ParOldGen       total 91648K, used 58865K [0x0000000701c00000, 0x0000000707580000, 0x0000000780980000)
  object space 91648K, 64% used [0x0000000701c00000,0x000000070557c588,0x0000000707580000)
 Metaspace       used 23760K, capacity 24398K, committed 24576K, reserved 1071104K
  class space    used 2773K, capacity 2971K, committed 3072K, reserved 1048576K
}
Event: 6.615 GC heap before
{Heap before GC invocations=12 (full 1):
 PSYoungGen      total 340992K, used 207410K [0x0000000780980000, 0x0000000798b00000, 0x00000007c0000000)
  eden space 300032K, 58% used [0x0000000780980000,0x000000078b5490a0,0x0000000792e80000)
  from space 40960K, 76% used [0x0000000795900000,0x00000007977c3768,0x0000000798100000)
  to   space 43520K, 0% used [0x0000000792e80000,0x0000000792e80000,0x0000000795900000)
 ParOldGen       total 91648K, used 58865K [0x0000000701c00000, 0x0000000707580000, 0x0000000780980000)
  object space 91648K, 64% used [0x0000000701c00000,0x000000070557c588,0x0000000707580000)
 Metaspace       used 34598K, capacity 35302K, committed 35496K, reserved 1081344K
  class space    used 4101K, capacity 4301K, committed 4352K, reserved 1048576K
Event: 6.632 GC heap after
Heap after GC invocations=12 (full 1):
 PSYoungGen      total 343552K, used 20288K [0x0000000780980000, 0x000000079f080000, 0x00000007c0000000)
  eden space 300032K, 0% used [0x0000000780980000,0x0000000780980000,0x0000000792e80000)
  from space 43520K, 46% used [0x0000000792e80000,0x0000000794250338,0x0000000795900000)
  to   space 40960K, 0% used [0x000000079c880000,0x000000079c880000,0x000000079f080000)
 ParOldGen       total 91648K, used 63640K [0x0000000701c00000, 0x0000000707580000, 0x0000000780980000)
  object space 91648K, 69% used [0x0000000701c00000,0x0000000705a26370,0x0000000707580000)
 Metaspace       used 34598K, capacity 35302K, committed 35496K, reserved 1081344K
  class space    used 4101K, capacity 4301K, committed 4352K, reserved 1048576K
}
Event: 6.632 GC heap before
{Heap before GC invocations=13 (full 2):
 PSYoungGen      total 343552K, used 20288K [0x0000000780980000, 0x000000079f080000, 0x00000007c0000000)
  eden space 300032K, 0% used [0x0000000780980000,0x0000000780980000,0x0000000792e80000)
  from space 43520K, 46% used [0x0000000792e80000,0x0000000794250338,0x0000000795900000)
  to   space 40960K, 0% used [0x000000079c880000,0x000000079c880000,0x000000079f080000)
 ParOldGen       total 91648K, used 63640K [0x0000000701c00000, 0x0000000707580000, 0x0000000780980000)
  object space 91648K, 69% used [0x0000000701c00000,0x0000000705a26370,0x0000000707580000)
 Metaspace       used 34598K, capacity 35302K, committed 35496K, reserved 1081344K
  class space    used 4101K, capacity 4301K, committed 4352K, reserved 1048576K
Event: 6.684 GC heap after
Heap after GC invocations=13 (full 2):
 PSYoungGen      total 343552K, used 0K [0x0000000780980000, 0x000000079f080000, 0x00000007c0000000)
  eden space 300032K, 0% used [0x0000000780980000,0x0000000780980000,0x0000000792e80000)
  from space 43520K, 0% used [0x0000000792e80000,0x0000000792e80000,0x0000000795900000)
  to   space 40960K, 0% used [0x000000079c880000,0x000000079c880000,0x000000079f080000)
 ParOldGen       total 153088K, used 40077K [0x0000000701c00000, 0x000000070b180000, 0x0000000780980000)
  object space 153088K, 26% used [0x0000000701c00000,0x00000007043237c0,0x000000070b180000)
 Metaspace       used 34598K, capacity 35302K, committed 35496K, reserved 1081344K
  class space    used 4101K, capacity 4301K, committed 4352K, reserved 1048576K
}

