# JRE version: Java(TM) SE Runtime Environment (8.0_181-b13) (build 1.8.0_181-b13)
# Java VM: Java HotSpot(TM) 64-Bit Server VM (25.181-b13 mixed mode windows-amd64 compressed oops)
Heap:
 PSYoungGen      total 302592K, used 244774K [0x0000000780980000, 0x000000079b700000, 0x00000007c0000000)
  eden space 261120K, 93% used [0x0000000780980000,0x000000078f889b40,0x0000000790880000)
  from space 41472K, 0% used [0x0000000790880000,0x0000000790880000,0x0000000793100000)
  to   space 42496K, 0% used [0x0000000798d80000,0x0000000798d80000,0x000000079b700000)
 ParOldGen       total 163328K, used 47327K [0x0000000701c00000, 0x000000070bb80000, 0x0000000780980000)
  object space 163328K, 28% used [0x0000000701c00000,0x0000000704a37ff8,0x000000070bb80000)
 Metaspace       used 45792K, capacity 46586K, committed 46848K, reserved 1091584K
  class space    used 5314K, capacity 5559K, committed 5632K, reserved 1048576K
GC Heap History (10 events):
Event: 4.470 GC heap before
{Heap before GC invocations=9 (full 1):
 PSYoungGen      total 205312K, used 205305K [0x0000000780980000, 0x000000078fe00000, 0x00000007c0000000)
  eden space 189440K, 100% used [0x0000000780980000,0x000000078c280000,0x000000078c280000)
  from space 15872K, 99% used [0x000000078c280000,0x000000078d1fe5e8,0x000000078d200000)
  to   space 22016K, 0% used [0x000000078e880000,0x000000078e880000,0x000000078fe00000)
 ParOldGen       total 94208K, used 26228K [0x0000000701c00000, 0x0000000707800000, 0x0000000780980000)
  object space 94208K, 27% used [0x0000000701c00000,0x000000070359d268,0x0000000707800000)
 Metaspace       used 23737K, capacity 24394K, committed 24576K, reserved 1071104K
  class space    used 2771K, capacity 2971K, committed 3072K, reserved 1048576K
Event: 4.493 GC heap after
Heap after GC invocations=9 (full 1):
 PSYoungGen      total 219648K, used 21999K [0x0000000780980000, 0x0000000796180000, 0x00000007c0000000)
  eden space 197632K, 0% used [0x0000000780980000,0x0000000780980000,0x000000078ca80000)
  from space 22016K, 99% used [0x000000078e880000,0x000000078fdfbdc8,0x000000078fe00000)
  to   space 30720K, 0% used [0x000000078ca80000,0x000000078ca80000,0x000000078e880000)
 ParOldGen       total 94208K, used 39745K [0x0000000701c00000, 0x0000000707800000, 0x0000000780980000)
  object space 94208K, 42% used [0x0000000701c00000,0x00000007042d0468,0x0000000707800000)
 Metaspace       used 23737K, capacity 24394K, committed 24576K, reserved 1071104K
  class space    used 2771K, capacity 2971K, committed 3072K, reserved 1048576K
}
Event: 4.925 GC heap before
{Heap before GC invocations=10 (full 1):
 PSYoungGen      total 219648K, used 219631K [0x0000000780980000, 0x0000000796180000, 0x00000007c0000000)
  eden space 197632K, 100% used [0x0000000780980000,0x000000078ca80000,0x000000078ca80000)
  from space 22016K, 99% used [0x000000078e880000,0x000000078fdfbdc8,0x000000078fe00000)
  to   space 30720K, 0% used [0x000000078ca80000,0x000000078ca80000,0x000000078e880000)
 ParOldGen       total 94208K, used 39745K [0x0000000701c00000, 0x0000000707800000, 0x0000000780980000)
  object space 94208K, 42% used [0x0000000701c00000,0x00000007042d0468,0x0000000707800000)
 Metaspace       used 23737K, capacity 24394K, committed 24576K, reserved 1071104K
  class space    used 2771K, capacity 2971K, committed 3072K, reserved 1048576K
Event: 4.941 GC heap after
Heap after GC invocations=10 (full 1):
 PSYoungGen      total 228352K, used 30688K [0x0000000780980000, 0x0000000795580000, 0x00000007c0000000)
  eden space 197632K, 0% used [0x0000000780980000,0x0000000780980000,0x000000078ca80000)
  from space 30720K, 99% used [0x000000078ca80000,0x000000078e8783d0,0x000000078e880000)
  to   space 37376K, 0% used [0x0000000793100000,0x0000000793100000,0x0000000795580000)
 ParOldGen       total 94208K, used 44167K [0x0000000701c00000, 0x0000000707800000, 0x0000000780980000)
  object space 94208K, 46% used [0x0000000701c00000,0x0000000704721c10,0x0000000707800000)
 Metaspace       used 23737K, capacity 24394K, committed 24576K, reserved 1071104K
  class space    used 2771K, capacity 2971K, committed 3072K, reserved 1048576K
}
Event: 5.404 GC heap before
{Heap before GC invocations=11 (full 1):
 PSYoungGen      total 228352K, used 228320K [0x0000000780980000, 0x0000000795580000, 0x00000007c0000000)
  eden space 197632K, 100% used [0x0000000780980000,0x000000078ca80000,0x000000078ca80000)
  from space 30720K, 99% used [0x000000078ca80000,0x000000078e8783d0,0x000000078e880000)
  to   space 37376K, 0% used [0x0000000793100000,0x0000000793100000,0x0000000795580000)
 ParOldGen       total 94208K, used 44167K [0x0000000701c00000, 0x0000000707800000, 0x0000000780980000)
  object space 94208K, 46% used [0x0000000701c00000,0x0000000704721c10,0x0000000707800000)
 Metaspace       used 23738K, capacity 24394K, committed 24576K, reserved 1071104K
  class space    used 2771K, capacity 2971K, committed 3072K, reserved 1048576K
Event: 5.430 GC heap after
Heap after GC invocations=11 (full 1):
 PSYoungGen      total 298496K, used 35212K [0x0000000780980000, 0x0000000796400000, 0x00000007c0000000)
  eden space 261120K, 0% used [0x0000000780980000,0x0000000780980000,0x0000000790880000)
  from space 37376K, 94% used [0x0000000793100000,0x0000000795363318,0x0000000795580000)
  to   space 41472K, 0% used [0x0000000790880000,0x0000000790880000,0x0000000793100000)
 ParOldGen       total 94208K, used 51212K [0x0000000701c00000, 0x0000000707800000, 0x0000000780980000)
  object space 94208K, 54% used [0x0000000701c00000,0x0000000704e030c0,0x0000000707800000)
 Metaspace       used 23738K, capacity 24394K, committed 24576K, reserved 1071104K
  class space    used 2771K, capacity 2971K, committed 3072K, reserved 1048576K
}
Event: 6.594 GC heap before
{Heap before GC invocations=12 (full 1):
 PSYoungGen      total 298496K, used 258981K [0x0000000780980000, 0x0000000796400000, 0x00000007c0000000)
  eden space 261120K, 85% used [0x0000000780980000,0x000000078e4060f8,0x0000000790880000)
  from space 37376K, 94% used [0x0000000793100000,0x0000000795363318,0x0000000795580000)
  to   space 41472K, 0% used [0x0000000790880000,0x0000000790880000,0x0000000793100000)
 ParOldGen       total 94208K, used 51212K [0x0000000701c00000, 0x0000000707800000, 0x0000000780980000)
  object space 94208K, 54% used [0x0000000701c00000,0x0000000704e030c0,0x0000000707800000)
 Metaspace       used 34568K, capacity 35302K, committed 35496K, reserved 1081344K
  class space    used 4102K, capacity 4301K, committed 4352K, reserved 1048576K
Event: 6.617 GC heap after
Heap after GC invocations=12 (full 1):
 PSYoungGen      total 302592K, used 27789K [0x0000000780980000, 0x000000079b700000, 0x00000007c0000000)
  eden space 261120K, 0% used [0x0000000780980000,0x0000000780980000,0x0000000790880000)
  from space 41472K, 67% used [0x0000000790880000,0x00000007923a3620,0x0000000793100000)
  to   space 42496K, 0% used [0x0000000798d80000,0x0000000798d80000,0x000000079b700000)
 ParOldGen       total 94208K, used 54881K [0x0000000701c00000, 0x0000000707800000, 0x0000000780980000)
  object space 94208K, 58% used [0x0000000701c00000,0x0000000705198478,0x0000000707800000)
 Metaspace       used 34568K, capacity 35302K, committed 35496K, reserved 1081344K
  class space    used 4102K, capacity 4301K, committed 4352K, reserved 1048576K
}
Event: 6.617 GC heap before
{Heap before GC invocations=13 (full 2):
 PSYoungGen      total 302592K, used 27789K [0x0000000780980000, 0x000000079b700000, 0x00000007c0000000)
  eden space 261120K, 0% used [0x0000000780980000,0x0000000780980000,0x0000000790880000)
  from space 41472K, 67% used [0x0000000790880000,0x00000007923a3620,0x0000000793100000)
  to   space 42496K, 0% used [0x0000000798d80000,0x0000000798d80000,0x000000079b700000)
 ParOldGen       total 94208K, used 54881K [0x0000000701c00000, 0x0000000707800000, 0x0000000780980000)
  object space 94208K, 58% used [0x0000000701c00000,0x0000000705198478,0x0000000707800000)
 Metaspace       used 34568K, capacity 35302K, committed 35496K, reserved 1081344K
  class space    used 4102K, capacity 4301K, committed 4352K, reserved 1048576K
Event: 6.672 GC heap after
Heap after GC invocations=13 (full 2):
 PSYoungGen      total 302592K, used 0K [0x0000000780980000, 0x000000079b700000, 0x00000007c0000000)
  eden space 261120K, 0% used [0x0000000780980000,0x0000000780980000,0x0000000790880000)
  from space 41472K, 0% used [0x0000000790880000,0x0000000790880000,0x0000000793100000)
  to   space 42496K, 0% used [0x0000000798d80000,0x0000000798d80000,0x000000079b700000)
 ParOldGen       total 163328K, used 47327K [0x0000000701c00000, 0x000000070bb80000, 0x0000000780980000)
  object space 163328K, 28% used [0x0000000701c00000,0x0000000704a37ff8,0x000000070bb80000)
 Metaspace       used 34568K, capacity 35302K, committed 35496K, reserved 1081344K
  class space    used 4102K, capacity 4301K, committed 4352K, reserved 1048576K
}

